<?xml version="1.0" encoding="UTF-8"?>
<!-- Generated by org.testng.reporters.JUnitReportReporter -->
<testsuite hostname="DESKTOP-LPCAOOD" failures="0" tests="1" name="com.appium.mobile.SaucelabAppTest" time="4.654" errors="0" timestamp="2024-02-08T16:46:29 EST" skipped="0">
  <testcase classname="com.appium.mobile.SaucelabAppTest" name="testSignUp" time="4.654"/>
</testsuite> <!-- com.appium.mobile.SaucelabAppTest -->
