<?xml version="1.0" encoding="UTF-8"?>
<!-- Generated by org.testng.reporters.JUnitReportReporter -->
<testsuite hostname="DheenatalansAir.fios-router.home" failures="0" tests="2" name="com.appium.mobile.SaucelabAppTest" time="20.392" errors="0" timestamp="2024-02-16T10:55:31 EST" skipped="0">
  <testcase classname="com.appium.mobile.SaucelabAppTest" name="testSignUp" time="4.345"/>
  <testcase classname="com.appium.mobile.SaucelabAppTest" name="ProdCheckout" time="16.047"/>
</testsuite> <!-- com.appium.mobile.SaucelabAppTest -->
