<?xml version="1.0" encoding="UTF-8"?>
<!-- Generated by org.testng.reporters.JUnitReportReporter -->
<testsuite hostname="DESKTOP-LPCAOOD" failures="0" tests="2" name="com.appium.mobile.SaucelabAppTest" time="29.191" errors="0" timestamp="2024-02-13T16:56:22 EST" skipped="0">
  <testcase classname="com.appium.mobile.SaucelabAppTest" name="testSignUp" time="6.143"/>
  <testcase classname="com.appium.mobile.SaucelabAppTest" name="ProdCheckout" time="23.048"/>
</testsuite> <!-- com.appium.mobile.SaucelabAppTest -->
