<?xml version="1.0" encoding="UTF-8"?>
<!-- Generated by org.testng.reporters.JUnitReportReporter -->
<testsuite hostname="DheenatalansAir.fios-router.home" failures="0" tests="1" name="appium.iOS.wdioApp_iOSTest" time="9.814" errors="0" timestamp="2024-02-16T17:57:36 EST" skipped="0">
  <testcase classname="appium.iOS.wdioApp_iOSTest" name="testSignUp" time="9.814"/>
</testsuite> <!-- appium.iOS.wdioApp_iOSTest -->
