<?xml version="1.0" encoding="UTF-8"?>
<!-- Generated by org.testng.reporters.JUnitReportReporter -->
<testsuite hostname="DheenatalansAir.fios-router.home" failures="0" tests="2" name="appium.android.WdioApp_AndroidTest" time="57.269" errors="1" timestamp="2024-02-16T13:34:56 EST" skipped="1">
  <testcase classname="appium.android.WdioApp_AndroidTest" name="setup" time="57.269">
    <error message="Could not start a new session. Response code 500. Message: An unknown server-side error occurred while processing the command. Original error: Appium Settings app is not running after 30000ms 
Host info: host: &#039;DheenatalansAir.fios-router.home&#039;, ip: &#039;fe80:0:0:0:1c65:5194:ae1a:2ef0%en0&#039;
Build info: version: &#039;4.17.0&#039;, revision: &#039;e52b1be057*&#039;
System info: os.name: &#039;Mac OS X&#039;, os.arch: &#039;x86_64&#039;, os.version: &#039;13.5.2&#039;, java.version: &#039;17.0.9&#039;
Driver info: io.appium.java_client.android.AndroidDriver
Command: [null, newSession {capabilities=[{appium:appWaitActivity=com.wdiodemoapp.MainActivity, appium:avd=Mathu_Pixel_7_API_33, appium:deviceName=Mathu_Pixel 7 API 33, platformName=ANDROID, appium:automationName=UIAutomator2, appium:app=/Users/mathumathibalakrishnan/eclipse/Mathumathi_2024/AndroidIos/src/test/resource/Builds/android.wdio.native.app.v1.0.8.apk, appium:platformVersion=13.0, appium:settings[ignoreUnimportantViews]=true}], desiredCapabilities=Capabilities {appium:app: /Users/mathumathibalakrishn..., appium:appWaitActivity: com.wdiodemoapp.MainActivity, appium:automationName: UIAutomator2, appium:avd: Mathu_Pixel_7_API_33, appium:deviceName: Mathu_Pixel 7 API 33, appium:platformVersion: 13.0, appium:settings[ignoreUnimportantViews]: true, platformName: ANDROID}}]
Capabilities {appium:app: /Users/mathumathibalakrishn..., appium:appWaitActivity: com.wdiodemoapp.MainActivity, appium:automationName: UIAutomator2, appium:avd: Mathu_Pixel_7_API_33, appium:deviceName: Mathu_Pixel 7 API 33, appium:platformVersion: 13.0, appium:settings[ignoreUnimportantViews]: true, platformName: ANDROID}" type="org.openqa.selenium.SessionNotCreatedException">
      <![CDATA[org.openqa.selenium.SessionNotCreatedException: Could not start a new session. Response code 500. Message: An unknown server-side error occurred while processing the command. Original error: Appium Settings app is not running after 30000ms 
Host info: host: 'DheenatalansAir.fios-router.home', ip: 'fe80:0:0:0:1c65:5194:ae1a:2ef0%en0'
Build info: version: '4.17.0', revision: 'e52b1be057*'
System info: os.name: 'Mac OS X', os.arch: 'x86_64', os.version: '13.5.2', java.version: '17.0.9'
Driver info: io.appium.java_client.android.AndroidDriver
Command: [null, newSession {capabilities=[{appium:appWaitActivity=com.wdiodemoapp.MainActivity, appium:avd=Mathu_Pixel_7_API_33, appium:deviceName=Mathu_Pixel 7 API 33, platformName=ANDROID, appium:automationName=UIAutomator2, appium:app=/Users/mathumathibalakrishnan/eclipse/Mathumathi_2024/AndroidIos/src/test/resource/Builds/android.wdio.native.app.v1.0.8.apk, appium:platformVersion=13.0, appium:settings[ignoreUnimportantViews]=true}], desiredCapabilities=Capabilities {appium:app: /Users/mathumathibalakrishn..., appium:appWaitActivity: com.wdiodemoapp.MainActivity, appium:automationName: UIAutomator2, appium:avd: Mathu_Pixel_7_API_33, appium:deviceName: Mathu_Pixel 7 API 33, appium:platformVersion: 13.0, appium:settings[ignoreUnimportantViews]: true, platformName: ANDROID}}]
Capabilities {appium:app: /Users/mathumathibalakrishn..., appium:appWaitActivity: com.wdiodemoapp.MainActivity, appium:automationName: UIAutomator2, appium:avd: Mathu_Pixel_7_API_33, appium:deviceName: Mathu_Pixel 7 API 33, appium:platformVersion: 13.0, appium:settings[ignoreUnimportantViews]: true, platformName: ANDROID}
at org.openqa.selenium.remote.ProtocolHandshake.createSession(ProtocolHandshake.java:140)
at java.base/jdk.internal.reflect.NativeMethodAccessorImpl.invoke0(Native Method)
at java.base/jdk.internal.reflect.NativeMethodAccessorImpl.invoke(NativeMethodAccessorImpl.java:77)
at java.base/jdk.internal.reflect.DelegatingMethodAccessorImpl.invoke(DelegatingMethodAccessorImpl.java:43)
at java.base/java.lang.reflect.Method.invoke(Method.java:568)
at io.appium.java_client.remote.AppiumProtocolHandshake.createSession(AppiumProtocolHandshake.java:133)
at io.appium.java_client.remote.AppiumProtocolHandshake.createSession(AppiumProtocolHandshake.java:102)
at io.appium.java_client.remote.AppiumCommandExecutor.createSession(AppiumCommandExecutor.java:182)
at io.appium.java_client.remote.AppiumCommandExecutor.execute(AppiumCommandExecutor.java:250)
at org.openqa.selenium.remote.RemoteWebDriver.execute(RemoteWebDriver.java:602)
at io.appium.java_client.AppiumDriver.startSession(AppiumDriver.java:274)
at org.openqa.selenium.remote.RemoteWebDriver.<init>(RemoteWebDriver.java:163)
at io.appium.java_client.AppiumDriver.<init>(AppiumDriver.java:89)
at io.appium.java_client.AppiumDriver.<init>(AppiumDriver.java:101)
at io.appium.java_client.android.AndroidDriver.<init>(AndroidDriver.java:113)
at appium.android.WdioApp_AndroidTest.setup(WdioApp_AndroidTest.java:37)
at java.base/jdk.internal.reflect.NativeMethodAccessorImpl.invoke0(Native Method)
at java.base/jdk.internal.reflect.NativeMethodAccessorImpl.invoke(NativeMethodAccessorImpl.java:77)
at java.base/jdk.internal.reflect.DelegatingMethodAccessorImpl.invoke(DelegatingMethodAccessorImpl.java:43)
at java.base/java.lang.reflect.Method.invoke(Method.java:568)
at org.testng.internal.invokers.MethodInvocationHelper.invokeMethod(MethodInvocationHelper.java:139)
at org.testng.internal.invokers.MethodInvocationHelper.invokeMethodConsideringTimeout(MethodInvocationHelper.java:69)
at org.testng.internal.invokers.ConfigInvoker.invokeConfigurationMethod(ConfigInvoker.java:390)
at org.testng.internal.invokers.ConfigInvoker.invokeConfigurations(ConfigInvoker.java:325)
at org.testng.TestRunner.invokeTestConfigurations(TestRunner.java:663)
at org.testng.TestRunner.beforeRun(TestRunner.java:652)
at org.testng.TestRunner.run(TestRunner.java:614)
at org.testng.SuiteRunner.runTest(SuiteRunner.java:443)
at org.testng.SuiteRunner.runSequentially(SuiteRunner.java:437)
at org.testng.SuiteRunner.privateRun(SuiteRunner.java:397)
at org.testng.SuiteRunner.run(SuiteRunner.java:336)
at org.testng.SuiteRunnerWorker.runSuite(SuiteRunnerWorker.java:52)
at org.testng.SuiteRunnerWorker.run(SuiteRunnerWorker.java:95)
at org.testng.TestNG.runSuitesSequentially(TestNG.java:1280)
at org.testng.TestNG.runSuitesLocally(TestNG.java:1200)
at org.testng.TestNG.runSuites(TestNG.java:1114)
at org.testng.TestNG.run(TestNG.java:1082)
at org.testng.remote.AbstractRemoteTestNG.run(AbstractRemoteTestNG.java:115)
at org.testng.remote.RemoteTestNG.initAndRun(RemoteTestNG.java:251)
at org.testng.remote.RemoteTestNG.main(RemoteTestNG.java:77)
]]>
    </error>
  </testcase> <!-- setup -->
  <testcase classname="appium.android.WdioApp_AndroidTest" name="testSignUp" time="0.000">
    <skipped/>
  </testcase> <!-- testSignUp -->
</testsuite> <!-- appium.android.WdioApp_AndroidTest -->
