<?xml version="1.0" encoding="UTF-8"?>
<!-- Generated by org.testng.reporters.JUnitReportReporter -->
<testsuite hostname="DheenatalansAir.fios-router.home" failures="0" tests="1" name="com.appium.mobile.WdioAppTest" time="13.255" errors="0" timestamp="2024-02-15T20:55:26 EST" skipped="0">
  <testcase classname="com.appium.mobile.WdioAppTest" name="testSignUp" time="13.255"/>
</testsuite> <!-- com.appium.mobile.WdioAppTest -->
